============================= test session starts =============================
platform win32 -- Python 3.10.0, pytest-8.3.4, pluggy-1.5.0 -- C:\Users\≈–¿—€À\AppData\Local\Programs\Python\Python310\python.exe
cachedir: .pytest_cache
metadata: {'Python': '3.10.0', 'Platform': 'Windows-10-10.0.26200-SP0', 'Packages': {'pytest': '8.3.4', 'pluggy': '1.5.0'}, 'Plugins': {'anyio': '4.7.0', 'dash': '3.2.0', 'html': '4.1.1', 'metadata': '3.1.1'}}
rootdir: C:\Users\≈–¿—€À\Desktop\diplom code
plugins: anyio-4.7.0, dash-3.2.0, html-4.1.1, metadata-3.1.1
collecting ... collected 247 items

tests/test_ablation.py::test_ablation_csv_exists PASSED                  [  0%]
tests/test_ablation.py::test_ablation_csv_has_exact_columns_in_order PASSED [  0%]
tests/test_ablation.py::test_ablation_csv_has_four_rows PASSED           [  1%]
tests/test_ablation.py::test_ablation_variant_names_exact PASSED         [  1%]
tests/test_ablation.py::test_ablation_feature_counts_correct PASSED      [  2%]
tests/test_ablation.py::test_ablation_full_rmse_matches_phase4 PASSED    [  2%]
tests/test_ablation.py::test_ablations_degrade_relative_to_full PASSED   [  2%]
tests/test_ablation.py::test_lag_removal_is_largest_degradation PASSED   [  3%]
tests/test_ablation.py::test_delta_rmse_computed_correctly PASSED        [  3%]
tests/test_ablation.py::test_pct_degradation_computed_correctly PASSED   [  4%]
tests/test_benchmark.py::test_benchmark_csv_exists PASSED                [  4%]
tests/test_benchmark.py::test_benchmark_csv_has_all_columns PASSED       [  4%]
tests/test_benchmark.py::test_benchmark_contains_this_work PASSED        [  5%]
tests/test_benchmark.py::test_benchmark_contains_salman PASSED           [  5%]
tests/test_benchmark.py::test_benchmark_contains_han PASSED              [  6%]
tests/test_benchmark.py::test_benchmark_contains_teslyuk PASSED          [  6%]
tests/test_benchmark.py::test_benchmark_our_rmse_value PASSED            [  6%]
tests/test_benchmark.py::test_benchmark_at_least_four_rows PASSED        [  7%]
tests/test_benchmark.py::test_benchmark_published_rows_have_notes PASSED [  7%]
tests/test_phase01.py::test_output_file_exists PASSED                    [  8%]
tests/test_phase01.py::test_dataframe_has_datetime_index PASSED          [  8%]
tests/test_phase01.py::test_seven_columns_match_expected_names PASSED    [  8%]
tests/test_phase01.py::test_no_nan_values PASSED                         [  9%]
tests/test_phase01.py::test_global_active_power_non_negative PASSED      [  9%]
tests/test_phase01.py::test_sub_metering_non_negative PASSED             [ 10%]
tests/test_phase01.py::test_index_is_monotonically_increasing PASSED     [ 10%]
tests/test_phase01.py::test_hourly_frequency PASSED                      [ 10%]
tests/test_phase01.py::test_row_count_in_expected_range PASSED           [ 11%]
tests/test_phase01.py::test_earliest_timestamp_in_december_2006 PASSED   [ 11%]
tests/test_phase01.py::test_latest_timestamp_in_november_2010 PASSED     [ 12%]
tests/test_phase01.py::test_resampling_uses_mean_for_rate_and_sum_for_energy PASSED [ 12%]
tests/test_phase02.py::test_output_file_exists PASSED                    [ 12%]
tests/test_phase02.py::test_dataframe_has_datetime_index PASSED          [ 13%]
tests/test_phase02.py::test_seventy_columns PASSED                       [ 13%]
tests/test_phase02.py::test_target_column_present PASSED                 [ 14%]
tests/test_phase02.py::test_all_69_feature_names_present PASSED          [ 14%]
tests/test_phase02.py::test_no_extra_columns PASSED                      [ 14%]
tests/test_phase02.py::test_no_nan_values PASSED                         [ 15%]
tests/test_phase02.py::test_56_lag_features PASSED                       [ 15%]
tests/test_phase02.py::test_6_rolling_features PASSED                    [ 16%]
tests/test_phase02.py::test_7_time_features PASSED                       [ 16%]
tests/test_phase02.py::test_lag_1h_equals_previous_row_target PASSED     [ 17%]
tests/test_phase02.py::test_lag_168h_equals_168_rows_earlier PASSED      [ 17%]
tests/test_phase02.py::test_rolling_mean_3h_is_past_only PASSED          [ 17%]
tests/test_phase02.py::test_target_not_in_feature_list PASSED            [ 18%]
tests/test_phase02.py::test_row_count_in_expected_range PASSED           [ 18%]
tests/test_phase02.py::test_target_lag_features_non_negative PASSED      [ 19%]
tests/test_phase02.py::test_cyclical_features_bounded PASSED             [ 19%]
tests/test_phase02.py::test_is_weekend_binary PASSED                     [ 19%]
tests/test_phase03.py::test_train_file_exists PASSED                     [ 20%]
tests/test_phase03.py::test_val_file_exists PASSED                       [ 20%]
tests/test_phase03.py::test_test_file_exists PASSED                      [ 21%]
tests/test_phase03.py::test_scaler_file_exists PASSED                    [ 21%]
tests/test_phase03.py::test_train_strictly_before_val PASSED             [ 21%]
tests/test_phase03.py::test_val_strictly_before_test PASSED              [ 22%]
tests/test_phase03.py::test_no_timestamp_in_two_splits PASSED            [ 22%]
tests/test_phase03.py::test_split_lengths_sum_to_features PASSED         [ 23%]
tests/test_phase03.py::test_train_proportion PASSED                      [ 23%]
tests/test_phase03.py::test_val_proportion PASSED                        [ 23%]
tests/test_phase03.py::test_test_proportion PASSED                       [ 24%]
tests/test_phase03.py::test_train_index_monotonic PASSED                 [ 24%]
tests/test_phase03.py::test_val_index_monotonic PASSED                   [ 25%]
tests/test_phase03.py::test_test_index_monotonic PASSED                  [ 25%]
tests/test_phase03.py::test_scaler_n_features PASSED                     [ 25%]
tests/test_phase03.py::test_scaler_zeroes_mean_and_unit_std_on_train PASSED [ 26%]
tests/test_phase03.py::test_scaler_was_fit_on_train_only PASSED          [ 26%]
tests/test_phase03.py::test_scaler_does_not_zero_mean_val PASSED         [ 27%]
tests/test_phase03.py::test_target_column_in_all_splits PASSED           [ 27%]
tests/test_phase03.py::test_all_69_feature_columns_in_all_splits PASSED  [ 27%]
tests/test_phase04.py::test_pred_baseline_exists_and_loads PASSED        [ 28%]
tests/test_phase04.py::test_pred_rf_exists_and_loads PASSED              [ 28%]
tests/test_phase04.py::test_pred_xgb_exists_and_loads PASSED             [ 29%]
tests/test_phase04.py::test_rf_model_file_exists_and_loads PASSED        [ 29%]
tests/test_phase04.py::test_xgb_model_file_exists_and_loads PASSED       [ 29%]
tests/test_phase04.py::test_prediction_length_matches_test[baseline] PASSED [ 30%]
tests/test_phase04.py::test_prediction_length_matches_test[rf] PASSED    [ 30%]
tests/test_phase04.py::test_prediction_length_matches_test[xgb] PASSED   [ 31%]
tests/test_phase04.py::test_prediction_no_nan_no_inf[baseline] PASSED    [ 31%]
tests/test_phase04.py::test_prediction_no_nan_no_inf[rf] PASSED          [ 31%]
tests/test_phase04.py::test_prediction_no_nan_no_inf[xgb] PASSED         [ 32%]
tests/test_phase04.py::test_prediction_in_physical_range[baseline] PASSED [ 32%]
tests/test_phase04.py::test_prediction_in_physical_range[rf] PASSED      [ 33%]
tests/test_phase04.py::test_prediction_in_physical_range[xgb] PASSED     [ 33%]
tests/test_phase04.py::test_baseline_equals_lag_1h_column PASSED         [ 34%]
tests/test_phase04.py::test_xgb_beats_baseline_on_rmse PASSED            [ 34%]
tests/test_phase04.py::test_xgb_beats_rf_on_rmse PASSED                  [ 34%]
tests/test_phase04.py::test_xgb_r2_above_0_5 PASSED                      [ 35%]
tests/test_phase04.py::test_rf_r2_above_0_4 PASSED                       [ 35%]
tests/test_phase04.py::test_rmse_in_literature_sanity_range[baseline] PASSED [ 36%]
tests/test_phase04.py::test_rmse_in_literature_sanity_range[rf] PASSED   [ 36%]
tests/test_phase04.py::test_rmse_in_literature_sanity_range[xgb] PASSED  [ 36%]
tests/test_phase04.py::test_rf_loaded_model_matches_saved_predictions PASSED [ 37%]
tests/test_phase04.py::test_xgb_loaded_model_matches_saved_predictions PASSED [ 37%]
tests/test_phase05.py::test_best_params_json_exists_and_loads PASSED     [ 38%]
tests/test_phase05.py::test_trials_csv_exists PASSED                     [ 38%]
tests/test_phase05.py::test_all_9_param_keys_present PASSED              [ 38%]
tests/test_phase05.py::test_n_estimators_in_range PASSED                 [ 39%]
tests/test_phase05.py::test_max_depth_in_range PASSED                    [ 39%]
tests/test_phase05.py::test_learning_rate_in_range PASSED                [ 40%]
tests/test_phase05.py::test_subsample_in_range PASSED                    [ 40%]
tests/test_phase05.py::test_colsample_bytree_in_range PASSED             [ 40%]
tests/test_phase05.py::test_min_child_weight_in_range PASSED             [ 41%]
tests/test_phase05.py::test_reg_alpha_in_range PASSED                    [ 41%]
tests/test_phase05.py::test_reg_lambda_in_range PASSED                   [ 42%]
tests/test_phase05.py::test_gamma_in_range PASSED                        [ 42%]
tests/test_phase05.py::test_at_least_40_trials_in_csv PASSED             [ 42%]
tests/test_phase05.py::test_csv_has_value_column PASSED                  [ 43%]
tests/test_phase05.py::test_best_val_rmse_below_0_55 PASSED              [ 43%]
tests/test_phase05.py::test_search_explored_diverse_n_estimators PASSED  [ 44%]
tests/test_phase05.py::test_tuned_vs_default_rmse_difference_small PASSED [ 44%]
tests/test_phase05.py::test_tuned_model_refit_on_train_plus_val PASSED   [ 44%]
tests/test_phase05.py::test_n_trials_meta_recorded PASSED                [ 45%]
tests/test_phase06.py::test_walkforward_xgb_csv_exists PASSED            [ 45%]
tests/test_phase06.py::test_walkforward_rf_csv_exists PASSED             [ 46%]
tests/test_phase06.py::test_xgb_csv_has_seven_rows PASSED                [ 46%]
tests/test_phase06.py::test_rf_csv_has_seven_rows PASSED                 [ 46%]
tests/test_phase06.py::test_xgb_csv_has_expected_columns PASSED          [ 47%]
tests/test_phase06.py::test_rf_csv_has_expected_columns PASSED           [ 47%]
tests/test_phase06.py::test_xgb_csv_no_nan PASSED                        [ 48%]
tests/test_phase06.py::test_rf_csv_no_nan PASSED                         [ 48%]
tests/test_phase06.py::test_fold_numbers_are_1_through_7_xgb PASSED      [ 48%]
tests/test_phase06.py::test_fold_numbers_are_1_through_7_rf PASSED       [ 49%]
tests/test_phase06.py::test_all_rmse_in_sanity_range PASSED              [ 49%]
tests/test_phase06.py::test_all_r2_in_sanity_range PASSED                [ 50%]
tests/test_phase06.py::test_xgb_mean_rmse_below_rf_mean_rmse PASSED      [ 50%]
tests/test_phase06.py::test_single_split_within_3_std_of_walkforward_mean PASSED [ 51%]
tests/test_phase06.py::test_xgb_walkforward_std_temporally_stable PASSED [ 51%]
tests/test_phase06.py::test_xgb_per_fold_metrics_not_all_identical PASSED [ 51%]
tests/test_phase06.py::test_rf_per_fold_metrics_not_all_identical PASSED [ 52%]
tests/test_phase07.py::test_pred_lstm_exists PASSED                      [ 52%]
tests/test_phase07.py::test_pred_gru_exists PASSED                       [ 53%]
tests/test_phase07.py::test_lstm_model_file_exists PASSED                [ 53%]
tests/test_phase07.py::test_gru_model_file_exists PASSED                 [ 53%]
tests/test_phase07.py::test_lstm_history_file_exists PASSED              [ 54%]
tests/test_phase07.py::test_gru_history_file_exists PASSED               [ 54%]
tests/test_phase07.py::test_pred_lstm_length_matches_test_minus_seq_len PASSED [ 55%]
tests/test_phase07.py::test_pred_gru_length_matches_pred_lstm PASSED     [ 55%]
tests/test_phase07.py::test_pred_lstm_no_nan_no_inf PASSED               [ 55%]
tests/test_phase07.py::test_pred_gru_no_nan_no_inf PASSED                [ 56%]
tests/test_phase07.py::test_pred_lstm_in_physical_range PASSED           [ 56%]
tests/test_phase07.py::test_pred_gru_in_physical_range PASSED            [ 57%]
tests/test_phase07.py::test_lstm_history_has_loss_keys PASSED            [ 57%]
tests/test_phase07.py::test_gru_history_has_loss_keys PASSED             [ 57%]
tests/test_phase07.py::test_lstm_epoch_count_in_range PASSED             [ 58%]
tests/test_phase07.py::test_gru_epoch_count_in_range PASSED              [ 58%]
tests/test_phase07.py::test_lstm_val_loss_improved_from_epoch_1 PASSED   [ 59%]
tests/test_phase07.py::test_gru_val_loss_improved_from_epoch_1 PASSED    [ 59%]
tests/test_phase07.py::test_lstm_model_loads_and_has_correct_io_shape PASSED [ 59%]
tests/test_phase07.py::test_gru_model_loads_and_has_correct_io_shape PASSED [ 60%]
tests/test_phase07.py::test_lstm_has_six_layers PASSED                   [ 60%]
tests/test_phase07.py::test_gru_has_six_layers PASSED                    [ 61%]
tests/test_phase07.py::test_lstm_rmse_in_sanity_range PASSED             [ 61%]
tests/test_phase07.py::test_gru_rmse_in_sanity_range PASSED              [ 61%]
tests/test_phase07.py::test_lstm_and_gru_rmse_close PASSED               [ 62%]
tests/test_phase07.py::test_test_seq_third_dim_is_69_features PASSED     [ 62%]
tests/test_phase07.py::test_lstm_input_shape_accepts_69_feature_sequences PASSED [ 63%]
tests/test_phase07.py::test_gru_input_shape_accepts_69_feature_sequences PASSED [ 63%]
tests/test_phase08.py::test_figure_exists[01_prediction_vs_actual.png] PASSED [ 63%]
tests/test_phase08.py::test_figure_exists[02_shap_summary.png] PASSED    [ 64%]
tests/test_phase08.py::test_figure_exists[02b_shap_bar.png] PASSED       [ 64%]
tests/test_phase08.py::test_figure_exists[03_model_comparison.png] PASSED [ 65%]
tests/test_phase08.py::test_figure_exists[04_residuals_over_time.png] PASSED [ 65%]
tests/test_phase08.py::test_figure_exists[05_residual_distribution.png] PASSED [ 65%]
tests/test_phase08.py::test_figure_exists[06_walkforward_rmse.png] PASSED [ 66%]
tests/test_phase08.py::test_figure_exists[07_scatter_xgb.png] PASSED     [ 66%]
tests/test_phase08.py::test_figure_exists[08_training_history.png] PASSED [ 67%]
tests/test_phase08.py::test_figure_exists[09_eda_patterns.png] PASSED    [ 67%]
tests/test_phase08.py::test_figure_above_50kb[01_prediction_vs_actual.png] PASSED [ 68%]
tests/test_phase08.py::test_figure_above_50kb[02_shap_summary.png] PASSED [ 68%]
tests/test_phase08.py::test_figure_above_50kb[02b_shap_bar.png] PASSED   [ 68%]
tests/test_phase08.py::test_figure_above_50kb[03_model_comparison.png] PASSED [ 69%]
tests/test_phase08.py::test_figure_above_50kb[04_residuals_over_time.png] PASSED [ 69%]
tests/test_phase08.py::test_figure_above_50kb[05_residual_distribution.png] PASSED [ 70%]
tests/test_phase08.py::test_figure_above_50kb[06_walkforward_rmse.png] PASSED [ 70%]
tests/test_phase08.py::test_figure_above_50kb[07_scatter_xgb.png] PASSED [ 70%]
tests/test_phase08.py::test_figure_above_50kb[08_training_history.png] PASSED [ 71%]
tests/test_phase08.py::test_figure_above_50kb[09_eda_patterns.png] PASSED [ 71%]
tests/test_phase08.py::test_figure_is_valid_png[01_prediction_vs_actual.png] PASSED [ 72%]
tests/test_phase08.py::test_figure_is_valid_png[02_shap_summary.png] PASSED [ 72%]
tests/test_phase08.py::test_figure_is_valid_png[02b_shap_bar.png] PASSED [ 72%]
tests/test_phase08.py::test_figure_is_valid_png[03_model_comparison.png] PASSED [ 73%]
tests/test_phase08.py::test_figure_is_valid_png[04_residuals_over_time.png] PASSED [ 73%]
tests/test_phase08.py::test_figure_is_valid_png[05_residual_distribution.png] PASSED [ 74%]
tests/test_phase08.py::test_figure_is_valid_png[06_walkforward_rmse.png] PASSED [ 74%]
tests/test_phase08.py::test_figure_is_valid_png[07_scatter_xgb.png] PASSED [ 74%]
tests/test_phase08.py::test_figure_is_valid_png[08_training_history.png] PASSED [ 75%]
tests/test_phase08.py::test_figure_is_valid_png[09_eda_patterns.png] PASSED [ 75%]
tests/test_phase08.py::test_final_results_csv_exists PASSED              [ 76%]
tests/test_phase08.py::test_final_results_has_5_rows PASSED              [ 76%]
tests/test_phase08.py::test_final_results_has_expected_columns PASSED    [ 76%]
tests/test_phase08.py::test_final_results_no_nan PASSED                  [ 77%]
tests/test_phase08.py::test_final_results_all_rmse_positive PASSED       [ 77%]
tests/test_phase08.py::test_final_results_all_r2_below_one PASSED        [ 78%]
tests/test_phase08.py::test_final_results_includes_all_5_models PASSED   [ 78%]
tests/test_phase08.py::test_xgboost_has_lowest_rmse PASSED               [ 78%]
tests/test_phase08.py::test_best_model_r2_above_0_5 PASSED               [ 79%]
tests/test_phase08.py::test_shap_ranking_has_at_least_5_features PASSED  [ 79%]
tests/test_phase08.py::test_shap_top_feature_is_a_lag_feature PASSED     [ 80%]
tests/test_phase08.py::test_shap_ranking_values_descending PASSED        [ 80%]
tests/test_phase08.py::test_shap_ranking_values_positive PASSED          [ 80%]
tests/test_phase08.py::test_final_xgb_rmse_within_3_std_of_walkforward PASSED [ 81%]
tests/test_pipeline_complete.py::test_hourly_clean_exists PASSED         [ 81%]
tests/test_pipeline_complete.py::test_features_exists_and_has_69_feature_columns PASSED [ 82%]
tests/test_pipeline_complete.py::test_train_val_test_parquets_exist PASSED [ 82%]
tests/test_pipeline_complete.py::test_train_val_chronological_no_overlap PASSED [ 82%]
tests/test_pipeline_complete.py::test_val_test_chronological_no_overlap PASSED [ 83%]
tests/test_pipeline_complete.py::test_scaler_exists PASSED               [ 83%]
tests/test_pipeline_complete.py::test_rf_model_exists PASSED             [ 84%]
tests/test_pipeline_complete.py::test_xgb_model_exists PASSED            [ 84%]
tests/test_pipeline_complete.py::test_lstm_model_exists PASSED           [ 85%]
tests/test_pipeline_complete.py::test_gru_model_exists PASSED            [ 85%]
tests/test_pipeline_complete.py::test_pred_baseline_exists PASSED        [ 85%]
tests/test_pipeline_complete.py::test_pred_rf_exists PASSED              [ 86%]
tests/test_pipeline_complete.py::test_pred_xgb_exists PASSED             [ 86%]
tests/test_pipeline_complete.py::test_pred_lstm_exists PASSED            [ 87%]
tests/test_pipeline_complete.py::test_pred_gru_exists PASSED             [ 87%]
tests/test_pipeline_complete.py::test_pred_optuna_xgb_exists PASSED      [ 87%]
tests/test_pipeline_complete.py::test_final_results_exists PASSED        [ 88%]
tests/test_pipeline_complete.py::test_xgboost_has_lowest_rmse_in_final_results PASSED [ 88%]
tests/test_pipeline_complete.py::test_xgboost_rmse_in_expected_band PASSED [ 89%]
tests/test_pipeline_complete.py::test_walkforward_xgb_has_7_rows PASSED  [ 89%]
tests/test_pipeline_complete.py::test_optuna_best_params_exists PASSED   [ 89%]
tests/test_pipeline_complete.py::test_shap_top_feature_contains_lag PASSED [ 90%]
tests/test_pipeline_complete.py::test_ablation_csv_exists_for_pipeline PASSED [ 90%]
tests/test_pipeline_complete.py::test_ablation_lag_removal_degrades_rmse PASSED [ 91%]
tests/test_pipeline_complete.py::test_benchmark_csv_exists_for_pipeline PASSED [ 91%]
tests/test_pipeline_complete.py::test_benchmark_contains_this_work_row PASSED [ 91%]
tests/test_pipeline_complete.py::test_figure_exists_size_and_png_magic[01_prediction_vs_actual.png] PASSED [ 92%]
tests/test_pipeline_complete.py::test_figure_exists_size_and_png_magic[02_shap_summary.png] PASSED [ 92%]
tests/test_pipeline_complete.py::test_figure_exists_size_and_png_magic[02b_shap_bar.png] PASSED [ 93%]
tests/test_pipeline_complete.py::test_figure_exists_size_and_png_magic[03_model_comparison.png] PASSED [ 93%]
tests/test_pipeline_complete.py::test_figure_exists_size_and_png_magic[04_residuals_over_time.png] PASSED [ 93%]
tests/test_pipeline_complete.py::test_figure_exists_size_and_png_magic[05_residual_distribution.png] PASSED [ 94%]
tests/test_pipeline_complete.py::test_figure_exists_size_and_png_magic[06_walkforward_rmse.png] PASSED [ 94%]
tests/test_pipeline_complete.py::test_figure_exists_size_and_png_magic[07_scatter_xgb.png] PASSED [ 95%]
tests/test_pipeline_complete.py::test_figure_exists_size_and_png_magic[08_training_history.png] PASSED [ 95%]
tests/test_pipeline_complete.py::test_figure_exists_size_and_png_magic[09_eda_patterns.png] PASSED [ 95%]
tests/test_pipeline_complete.py::test_pred_lstm_length_matches_test_minus_seqlen PASSED [ 96%]
tests/test_pipeline_complete.py::test_xgb_single_split_within_3_std_of_walkforward PASSED [ 96%]
tests/test_pipeline_complete.py::test_notebook_contains_wilcoxon PASSED  [ 97%]
tests/test_pipeline_complete.py::test_notebook_contains_non_determinism PASSED [ 97%]
tests/test_reproducibility.py::test_lstm_history_exists PASSED           [ 97%]
tests/test_reproducibility.py::test_gru_history_exists PASSED            [ 98%]
tests/test_reproducibility.py::test_lstm_epoch_count_in_range PASSED     [ 98%]
tests/test_reproducibility.py::test_gru_epoch_count_in_range PASSED      [ 99%]
tests/test_reproducibility.py::test_notebook_phase7_mentions_non_determinism PASSED [ 99%]
tests/test_reproducibility.py::test_notebook_contains_seed_constant PASSED [100%]

============================ 247 passed in 13.34s =============================
